0 verbose cli /usr/local/bin/node /usr/local/bin/npm
1 info using npm@10.8.2
2 info using node@v20.17.0
3 silly config load:file:/usr/local/lib/node_modules/npm/npmrc
4 silly config load:file:/data/uibuilder/.npmrc
5 silly config load:file:/usr/src/node-red/.npmrc
6 silly config load:file:/usr/local/etc/npmrc
7 verbose title npm list
8 verbose argv "list" "--long" "--omit" "dev" "--json" "--depth" "0"
9 verbose logfile logs-max:10 dir:/data/.npm/_logs/2024-12-01T15_56_23_738Z-
10 verbose logfile /data/.npm/_logs/2024-12-01T15_56_23_738Z-debug-0.log
11 silly packumentCache heap:941096960 maxSize:235274240 maxEntrySize:117637120
12 silly logfile start cleaning logs, removing 2 files
13 silly logfile done cleaning log files
14 verbose cwd /data/uibuilder
15 verbose os Linux 6.10.14-linuxkit
16 verbose node v20.17.0
17 verbose npm  v10.8.2
18 verbose exit 0
19 info ok
